objc[456]: Class AXEmojiUtilities is implemented in both /Applications/Xcode.app/Contents/Developer/Platforms/iPhoneSimulator.platform/Developer/SDKs/iPhoneSimulator7.0.sdk/System/Library/PrivateFrameworks/AccessibilityUtilities.framework/AccessibilityUtilities and /Applications/Xcode.app/Contents/Developer/Platforms/iPhoneSimulator.platform/Developer/SDKs/iPhoneSimulator7.0.sdk/usr/lib/libAXSpeechManager.dylib. One of the two will be used. Which one is undefined.
2014-03-11 23:20:25.774 Memories of the Future[456:80b] Cannot find executable for CFBundle 0xa6b88a0 </Applications/Xcode.app/Contents/Developer/Platforms/iPhoneSimulator.platform/Developer/SDKs/iPhoneSimulator7.0.sdk/System/Library/AccessibilityBundles/GeoServices.axbundle> (not loaded)
2014-03-11 23:20:25.812 Memories of the Future[456:80b] Cannot find executable for CFBundle 0xa4c2d30 </Applications/Xcode.app/Contents/Developer/Platforms/iPhoneSimulator.platform/Developer/SDKs/iPhoneSimulator7.0.sdk/System/Library/AccessibilityBundles/CertUIFramework.axbundle> (not loaded)
2014-03-11 23:20:25.982 Memories of the Future[456:80b] Multi-tasking -> Device: YES, App: YES
2014-03-11 23:20:26.002 Memories of the Future[456:80b] Unlimited access to network resources
2014-03-11 23:20:26.074 Memories of the Future[456:80b] [CDVTimer][statusbar] 17.929018ms
2014-03-11 23:20:26.084 Memories of the Future[456:80b] [CDVTimer][geolocation] 1.938999ms
2014-03-11 23:20:26.095 Memories of the Future[456:80b] [CDVTimer][TotalPluginStartup] 38.441002ms
2014-03-11 23:20:26.430 Memories of the Future[456:80b] Resetting plugins due to page load.
2014-03-11 23:20:26.588 Memories of the Future[456:80b] Finished load of: file:///Users/aponpalanuwech/Library/Application%20Support/iPhone%20Simulator/7.0.3/Applications/5E04651B-87D0-43DB-9EBD-47CC2013AA4B/Memories%20of%20the%20Future.app/www/index.html
2014-03-11 23:20:26.843 Memories of the Future[456:4d0f] ERROR: unable to get the receiver data from the DB!
Terminating in response to SpringBoard's termination.
objc[3003]: Class AXEmojiUtilities is implemented in both /Applications/Xcode.app/Contents/Developer/Platforms/iPhoneSimulator.platform/Developer/SDKs/iPhoneSimulator7.0.sdk/System/Library/PrivateFrameworks/AccessibilityUtilities.framework/AccessibilityUtilities and /Applications/Xcode.app/Contents/Developer/Platforms/iPhoneSimulator.platform/Developer/SDKs/iPhoneSimulator7.0.sdk/usr/lib/libAXSpeechManager.dylib. One of the two will be used. Which one is undefined.
2014-03-11 23:29:35.347 Memories of the Future[3003:80b] Cannot find executable for CFBundle 0xa6b27c0 </Applications/Xcode.app/Contents/Developer/Platforms/iPhoneSimulator.platform/Developer/SDKs/iPhoneSimulator7.0.sdk/System/Library/AccessibilityBundles/CertUIFramework.axbundle> (not loaded)
2014-03-11 23:29:35.383 Memories of the Future[3003:80b] Cannot find executable for CFBundle 0xa4a5d50 </Applications/Xcode.app/Contents/Developer/Platforms/iPhoneSimulator.platform/Developer/SDKs/iPhoneSimulator7.0.sdk/System/Library/AccessibilityBundles/GeoServices.axbundle> (not loaded)
2014-03-11 23:29:35.573 Memories of the Future[3003:80b] Multi-tasking -> Device: YES, App: YES
2014-03-11 23:29:35.601 Memories of the Future[3003:80b] Unlimited access to network resources
2014-03-11 23:29:35.716 Memories of the Future[3003:80b] [CDVTimer][statusbar] 38.798988ms
2014-03-11 23:29:35.727 Memories of the Future[3003:80b] [CDVTimer][geolocation] 2.546966ms
2014-03-11 23:29:35.741 Memories of the Future[3003:80b] [CDVTimer][TotalPluginStartup] 64.364016ms
2014-03-11 23:29:36.188 Memories of the Future[3003:80b] Resetting plugins due to page load.
2014-03-11 23:29:36.316 Memories of the Future[3003:80b] Finished load of: file:///Users/aponpalanuwech/Library/Application%20Support/iPhone%20Simulator/7.0.3/Applications/5E04651B-87D0-43DB-9EBD-47CC2013AA4B/Memories%20of%20the%20Future.app/www/index.html
2014-03-11 23:31:19.967 Memories of the Future[3003:80b] THREAD WARNING: ['Notification'] took '21.370850' ms. Plugin should use a background thread.
Terminating in response to SpringBoard's termination.
objc[4291]: Class AXEmojiUtilities is implemented in both /Applications/Xcode.app/Contents/Developer/Platforms/iPhoneSimulator.platform/Developer/SDKs/iPhoneSimulator7.0.sdk/System/Library/PrivateFrameworks/AccessibilityUtilities.framework/AccessibilityUtilities and /Applications/Xcode.app/Contents/Developer/Platforms/iPhoneSimulator.platform/Developer/SDKs/iPhoneSimulator7.0.sdk/usr/lib/libAXSpeechManager.dylib. One of the two will be used. Which one is undefined.
2014-03-11 23:33:11.298 Memories of the Future[4291:80b] Cannot find executable for CFBundle 0xa7a6c20 </Applications/Xcode.app/Contents/Developer/Platforms/iPhoneSimulator.platform/Developer/SDKs/iPhoneSimulator7.0.sdk/System/Library/AccessibilityBundles/CertUIFramework.axbundle> (not loaded)
2014-03-11 23:33:11.353 Memories of the Future[4291:80b] Cannot find executable for CFBundle 0xa7ac540 </Applications/Xcode.app/Contents/Developer/Platforms/iPhoneSimulator.platform/Developer/SDKs/iPhoneSimulator7.0.sdk/System/Library/AccessibilityBundles/GeoServices.axbundle> (not loaded)
2014-03-11 23:33:11.523 Memories of the Future[4291:80b] Multi-tasking -> Device: YES, App: YES
2014-03-11 23:33:11.534 Memories of the Future[4291:80b] Unlimited access to network resources
2014-03-11 23:33:11.574 Memories of the Future[4291:80b] [CDVTimer][statusbar] 9.774983ms
2014-03-11 23:33:11.575 Memories of the Future[4291:80b] [CDVTimer][geolocation] 0.728011ms
2014-03-11 23:33:11.582 Memories of the Future[4291:80b] [CDVTimer][TotalPluginStartup] 17.706037ms
2014-03-11 23:33:11.802 Memories of the Future[4291:80b] Resetting plugins due to page load.
2014-03-11 23:33:12.028 Memories of the Future[4291:80b] Finished load of: file:///Users/aponpalanuwech/Library/Application%20Support/iPhone%20Simulator/7.0.3/Applications/5E04651B-87D0-43DB-9EBD-47CC2013AA4B/Memories%20of%20the%20Future.app/www/index.html
Terminating in response to SpringBoard's termination.
objc[5520]: Class AXEmojiUtilities is implemented in both /Applications/Xcode.app/Contents/Developer/Platforms/iPhoneSimulator.platform/Developer/SDKs/iPhoneSimulator7.0.sdk/System/Library/PrivateFrameworks/AccessibilityUtilities.framework/AccessibilityUtilities and /Applications/Xcode.app/Contents/Developer/Platforms/iPhoneSimulator.platform/Developer/SDKs/iPhoneSimulator7.0.sdk/usr/lib/libAXSpeechManager.dylib. One of the two will be used. Which one is undefined.
2014-03-11 23:34:27.859 Memories of the Future[5520:80b] Cannot find executable for CFBundle 0xa667880 </Applications/Xcode.app/Contents/Developer/Platforms/iPhoneSimulator.platform/Developer/SDKs/iPhoneSimulator7.0.sdk/System/Library/AccessibilityBundles/CertUIFramework.axbundle> (not loaded)
2014-03-11 23:34:27.933 Memories of the Future[5520:80b] Cannot find executable for CFBundle 0xa66d850 </Applications/Xcode.app/Contents/Developer/Platforms/iPhoneSimulator.platform/Developer/SDKs/iPhoneSimulator7.0.sdk/System/Library/AccessibilityBundles/GeoServices.axbundle> (not loaded)
2014-03-11 23:34:28.153 Memories of the Future[5520:80b] Multi-tasking -> Device: YES, App: YES
2014-03-11 23:34:28.172 Memories of the Future[5520:80b] Unlimited access to network resources
2014-03-11 23:34:28.252 Memories of the Future[5520:80b] [CDVTimer][statusbar] 21.591008ms
2014-03-11 23:34:28.263 Memories of the Future[5520:80b] [CDVTimer][geolocation] 0.783980ms
2014-03-11 23:34:28.273 Memories of the Future[5520:80b] [CDVTimer][TotalPluginStartup] 42.155027ms
2014-03-11 23:34:28.531 Memories of the Future[5520:80b] Resetting plugins due to page load.
2014-03-11 23:34:28.763 Memories of the Future[5520:80b] Finished load of: file:///Users/aponpalanuwech/Library/Application%20Support/iPhone%20Simulator/7.0.3/Applications/5E04651B-87D0-43DB-9EBD-47CC2013AA4B/Memories%20of%20the%20Future.app/www/index.html
Terminating in response to SpringBoard's termination.
objc[7313]: Class AXEmojiUtilities is implemented in both /Applications/Xcode.app/Contents/Developer/Platforms/iPhoneSimulator.platform/Developer/SDKs/iPhoneSimulator7.0.sdk/System/Library/PrivateFrameworks/AccessibilityUtilities.framework/AccessibilityUtilities and /Applications/Xcode.app/Contents/Developer/Platforms/iPhoneSimulator.platform/Developer/SDKs/iPhoneSimulator7.0.sdk/usr/lib/libAXSpeechManager.dylib. One of the two will be used. Which one is undefined.
2014-03-11 23:35:51.412 Memories of the Future[7313:80b] Cannot find executable for CFBundle 0xa766200 </Applications/Xcode.app/Contents/Developer/Platforms/iPhoneSimulator.platform/Developer/SDKs/iPhoneSimulator7.0.sdk/System/Library/AccessibilityBundles/CertUIFramework.axbundle> (not loaded)
2014-03-11 23:35:51.441 Memories of the Future[7313:80b] Cannot find executable for CFBundle 0xa48e4c0 </Applications/Xcode.app/Contents/Developer/Platforms/iPhoneSimulator.platform/Developer/SDKs/iPhoneSimulator7.0.sdk/System/Library/AccessibilityBundles/GeoServices.axbundle> (not loaded)
2014-03-11 23:35:51.727 Memories of the Future[7313:80b] Multi-tasking -> Device: YES, App: YES
2014-03-11 23:35:51.753 Memories of the Future[7313:80b] Unlimited access to network resources
2014-03-11 23:35:51.841 Memories of the Future[7313:80b] [CDVTimer][statusbar] 28.343976ms
2014-03-11 23:35:51.851 Memories of the Future[7313:80b] [CDVTimer][geolocation] 4.077971ms
2014-03-11 23:35:51.858 Memories of the Future[7313:80b] [CDVTimer][TotalPluginStartup] 45.198977ms
2014-03-11 23:35:52.238 Memories of the Future[7313:80b] Resetting plugins due to page load.
2014-03-11 23:35:52.398 Memories of the Future[7313:80b] Finished load of: file:///Users/aponpalanuwech/Library/Application%20Support/iPhone%20Simulator/7.0.3/Applications/5E04651B-87D0-43DB-9EBD-47CC2013AA4B/Memories%20of%20the%20Future.app/www/index.html
Terminating in response to SpringBoard's termination.
objc[8595]: Class AXEmojiUtilities is implemented in both /Applications/Xcode.app/Contents/Developer/Platforms/iPhoneSimulator.platform/Developer/SDKs/iPhoneSimulator7.0.sdk/System/Library/PrivateFrameworks/AccessibilityUtilities.framework/AccessibilityUtilities and /Applications/Xcode.app/Contents/Developer/Platforms/iPhoneSimulator.platform/Developer/SDKs/iPhoneSimulator7.0.sdk/usr/lib/libAXSpeechManager.dylib. One of the two will be used. Which one is undefined.
2014-03-11 23:39:45.257 Memories of the Future[8595:80b] Cannot find executable for CFBundle 0xa654700 </Applications/Xcode.app/Contents/Developer/Platforms/iPhoneSimulator.platform/Developer/SDKs/iPhoneSimulator7.0.sdk/System/Library/AccessibilityBundles/CertUIFramework.axbundle> (not loaded)
2014-03-11 23:39:45.312 Memories of the Future[8595:80b] Cannot find executable for CFBundle 0xa54c700 </Applications/Xcode.app/Contents/Developer/Platforms/iPhoneSimulator.platform/Developer/SDKs/iPhoneSimulator7.0.sdk/System/Library/AccessibilityBundles/GeoServices.axbundle> (not loaded)
2014-03-11 23:39:45.533 Memories of the Future[8595:80b] Multi-tasking -> Device: YES, App: YES
2014-03-11 23:39:45.559 Memories of the Future[8595:80b] Unlimited access to network resources
2014-03-11 23:39:45.602 Memories of the Future[8595:80b] [CDVTimer][statusbar] 13.038039ms
2014-03-11 23:39:45.605 Memories of the Future[8595:80b] [CDVTimer][geolocation] 0.716984ms
2014-03-11 23:39:45.610 Memories of the Future[8595:80b] [CDVTimer][TotalPluginStartup] 21.241009ms
2014-03-11 23:39:45.803 Memories of the Future[8595:80b] Resetting plugins due to page load.
2014-03-11 23:39:46.216 Memories of the Future[8595:80b] Finished load of: file:///Users/aponpalanuwech/Library/Application%20Support/iPhone%20Simulator/7.0.3/Applications/5E04651B-87D0-43DB-9EBD-47CC2013AA4B/Memories%20of%20the%20Future.app/www/index.html
2014-03-11 23:39:56.035 Memories of the Future[8595:80b] THREAD WARNING: ['Notification'] took '17.556152' ms. Plugin should use a background thread.
objc[11361]: Class AXEmojiUtilities is implemented in both /Applications/Xcode.app/Contents/Developer/Platforms/iPhoneSimulator.platform/Developer/SDKs/iPhoneSimulator7.0.sdk/System/Library/PrivateFrameworks/AccessibilityUtilities.framework/AccessibilityUtilities and /Applications/Xcode.app/Contents/Developer/Platforms/iPhoneSimulator.platform/Developer/SDKs/iPhoneSimulator7.0.sdk/usr/lib/libAXSpeechManager.dylib. One of the two will be used. Which one is undefined.
2014-03-11 23:47:49.667 Memories of the Future[11361:80b] Cannot find executable for CFBundle 0xa67e890 </Applications/Xcode.app/Contents/Developer/Platforms/iPhoneSimulator.platform/Developer/SDKs/iPhoneSimulator7.0.sdk/System/Library/AccessibilityBundles/GeoServices.axbundle> (not loaded)
2014-03-11 23:47:49.690 Memories of the Future[11361:80b] Cannot find executable for CFBundle 0xa48b560 </Applications/Xcode.app/Contents/Developer/Platforms/iPhoneSimulator.platform/Developer/SDKs/iPhoneSimulator7.0.sdk/System/Library/AccessibilityBundles/CertUIFramework.axbundle> (not loaded)
2014-03-11 23:47:49.764 Memories of the Future[11361:80b] Multi-tasking -> Device: YES, App: YES
2014-03-11 23:47:49.774 Memories of the Future[11361:80b] Unlimited access to network resources
2014-03-11 23:47:49.814 Memories of the Future[11361:80b] [CDVTimer][statusbar] 12.717009ms
2014-03-11 23:47:49.816 Memories of the Future[11361:80b] [CDVTimer][geolocation] 0.777960ms
2014-03-11 23:47:49.817 Memories of the Future[11361:80b] [CDVTimer][TotalPluginStartup] 16.022980ms
2014-03-11 23:47:50.051 Memories of the Future[11361:80b] Resetting plugins due to page load.
2014-03-11 23:47:50.216 Memories of the Future[11361:80b] Finished load of: file:///Users/aponpalanuwech/Library/Application%20Support/iPhone%20Simulator/7.0.3/Applications/5E04651B-87D0-43DB-9EBD-47CC2013AA4B/Memories%20of%20the%20Future.app/www/index.html
objc[32758]: Class AXEmojiUtilities is implemented in both /Applications/Xcode.app/Contents/Developer/Platforms/iPhoneSimulator.platform/Developer/SDKs/iPhoneSimulator7.0.sdk/System/Library/PrivateFrameworks/AccessibilityUtilities.framework/AccessibilityUtilities and /Applications/Xcode.app/Contents/Developer/Platforms/iPhoneSimulator.platform/Developer/SDKs/iPhoneSimulator7.0.sdk/usr/lib/libAXSpeechManager.dylib. One of the two will be used. Which one is undefined.
2014-03-12 22:33:45.239 Memories of the Future[32758:80b] Cannot find executable for CFBundle 0xa757c80 </Applications/Xcode.app/Contents/Developer/Platforms/iPhoneSimulator.platform/Developer/SDKs/iPhoneSimulator7.0.sdk/System/Library/AccessibilityBundles/CertUIFramework.axbundle> (not loaded)
2014-03-12 22:33:45.292 Memories of the Future[32758:80b] Cannot find executable for CFBundle 0xa47e5e0 </Applications/Xcode.app/Contents/Developer/Platforms/iPhoneSimulator.platform/Developer/SDKs/iPhoneSimulator7.0.sdk/System/Library/AccessibilityBundles/GeoServices.axbundle> (not loaded)
2014-03-12 22:33:45.454 Memories of the Future[32758:80b] Multi-tasking -> Device: YES, App: YES
2014-03-12 22:33:45.509 Memories of the Future[32758:80b] Unlimited access to network resources
2014-03-12 22:33:45.792 Memories of the Future[32758:80b] [CDVTimer][statusbar] 79.630017ms
2014-03-12 22:33:45.797 Memories of the Future[32758:80b] [CDVTimer][geolocation] 4.441023ms
2014-03-12 22:33:45.797 Memories of the Future[32758:80b] [CDVTimer][TotalPluginStartup] 85.503995ms
2014-03-12 22:33:45.978 Memories of the Future[32758:80b] Resetting plugins due to page load.
2014-03-12 22:33:46.243 Memories of the Future[32758:80b] Finished load of: file:///Users/aponpalanuwech/Library/Application%20Support/iPhone%20Simulator/7.0.3/Applications/5E04651B-87D0-43DB-9EBD-47CC2013AA4B/Memories%20of%20the%20Future.app/www/index.html
objc[34094]: Class AXEmojiUtilities is implemented in both /Applications/Xcode.app/Contents/Developer/Platforms/iPhoneSimulator.platform/Developer/SDKs/iPhoneSimulator7.0.sdk/System/Library/PrivateFrameworks/AccessibilityUtilities.framework/AccessibilityUtilities and /Applications/Xcode.app/Contents/Developer/Platforms/iPhoneSimulator.platform/Developer/SDKs/iPhoneSimulator7.0.sdk/usr/lib/libAXSpeechManager.dylib. One of the two will be used. Which one is undefined.
2014-03-12 22:39:10.492 Memories of the Future[34094:80b] Cannot find executable for CFBundle 0xa43b490 </Applications/Xcode.app/Contents/Developer/Platforms/iPhoneSimulator.platform/Developer/SDKs/iPhoneSimulator7.0.sdk/System/Library/AccessibilityBundles/GeoServices.axbundle> (not loaded)
2014-03-12 22:39:10.515 Memories of the Future[34094:80b] Cannot find executable for CFBundle 0xa78ef20 </Applications/Xcode.app/Contents/Developer/Platforms/iPhoneSimulator.platform/Developer/SDKs/iPhoneSimulator7.0.sdk/System/Library/AccessibilityBundles/CertUIFramework.axbundle> (not loaded)
2014-03-12 22:39:10.569 Memories of the Future[34094:80b] Multi-tasking -> Device: YES, App: YES
2014-03-12 22:39:10.578 Memories of the Future[34094:80b] Unlimited access to network resources
2014-03-12 22:39:10.610 Memories of the Future[34094:80b] [CDVTimer][statusbar] 9.216964ms
2014-03-12 22:39:10.611 Memories of the Future[34094:80b] [CDVTimer][geolocation] 0.651002ms
2014-03-12 22:39:10.614 Memories of the Future[34094:80b] [CDVTimer][TotalPluginStartup] 13.490021ms
2014-03-12 22:39:10.804 Memories of the Future[34094:80b] Resetting plugins due to page load.
2014-03-12 22:39:10.929 Memories of the Future[34094:80b] Finished load of: file:///Users/aponpalanuwech/Library/Application%20Support/iPhone%20Simulator/7.0.3/Applications/5E04651B-87D0-43DB-9EBD-47CC2013AA4B/Memories%20of%20the%20Future.app/www/index.html
objc[38500]: Class AXEmojiUtilities is implemented in both /Applications/Xcode.app/Contents/Developer/Platforms/iPhoneSimulator.platform/Developer/SDKs/iPhoneSimulator7.0.sdk/System/Library/PrivateFrameworks/AccessibilityUtilities.framework/AccessibilityUtilities and /Applications/Xcode.app/Contents/Developer/Platforms/iPhoneSimulator.platform/Developer/SDKs/iPhoneSimulator7.0.sdk/usr/lib/libAXSpeechManager.dylib. One of the two will be used. Which one is undefined.
2014-03-13 16:36:07.345 Memories of the Future[38500:80b] Cannot find executable for CFBundle 0xa586ba0 </Applications/Xcode.app/Contents/Developer/Platforms/iPhoneSimulator.platform/Developer/SDKs/iPhoneSimulator7.0.sdk/System/Library/AccessibilityBundles/CertUIFramework.axbundle> (not loaded)
2014-03-13 16:36:07.416 Memories of the Future[38500:80b] Cannot find executable for CFBundle 0xa59c990 </Applications/Xcode.app/Contents/Developer/Platforms/iPhoneSimulator.platform/Developer/SDKs/iPhoneSimulator7.0.sdk/System/Library/AccessibilityBundles/GeoServices.axbundle> (not loaded)
2014-03-13 16:36:07.533 Memories of the Future[38500:80b] Multi-tasking -> Device: YES, App: YES
2014-03-13 16:36:07.570 Memories of the Future[38500:80b] Unlimited access to network resources
2014-03-13 16:36:07.817 Memories of the Future[38500:80b] [CDVTimer][statusbar] 51.926017ms
2014-03-13 16:36:07.818 Memories of the Future[38500:80b] [CDVTimer][geolocation] 0.687003ms
2014-03-13 16:36:07.818 Memories of the Future[38500:80b] [CDVTimer][TotalPluginStartup] 53.589046ms
2014-03-13 16:36:07.978 Memories of the Future[38500:80b] Resetting plugins due to page load.
2014-03-13 16:36:08.345 Memories of the Future[38500:80b] Finished load of: file:///Users/aponpalanuwech/Library/Application%20Support/iPhone%20Simulator/7.0.3/Applications/5E04651B-87D0-43DB-9EBD-47CC2013AA4B/Memories%20of%20the%20Future.app/www/index.html
objc[44746]: Class AXEmojiUtilities is implemented in both /Applications/Xcode.app/Contents/Developer/Platforms/iPhoneSimulator.platform/Developer/SDKs/iPhoneSimulator7.0.sdk/System/Library/PrivateFrameworks/AccessibilityUtilities.framework/AccessibilityUtilities and /Applications/Xcode.app/Contents/Developer/Platforms/iPhoneSimulator.platform/Developer/SDKs/iPhoneSimulator7.0.sdk/usr/lib/libAXSpeechManager.dylib. One of the two will be used. Which one is undefined.
2014-03-13 18:09:53.391 Memories of the Future[44746:80b] Cannot find executable for CFBundle 0xa4b1e10 </Applications/Xcode.app/Contents/Developer/Platforms/iPhoneSimulator.platform/Developer/SDKs/iPhoneSimulator7.0.sdk/System/Library/AccessibilityBundles/GeoServices.axbundle> (not loaded)
2014-03-13 18:09:53.424 Memories of the Future[44746:80b] Cannot find executable for CFBundle 0xa7a8c10 </Applications/Xcode.app/Contents/Developer/Platforms/iPhoneSimulator.platform/Developer/SDKs/iPhoneSimulator7.0.sdk/System/Library/AccessibilityBundles/CertUIFramework.axbundle> (not loaded)
2014-03-13 18:09:53.604 Memories of the Future[44746:80b] Multi-tasking -> Device: YES, App: YES
2014-03-13 18:09:53.629 Memories of the Future[44746:80b] Unlimited access to network resources
2014-03-13 18:09:53.734 Memories of the Future[44746:80b] [CDVTimer][statusbar] 25.929987ms
2014-03-13 18:09:53.752 Memories of the Future[44746:80b] [CDVTimer][geolocation] 4.951954ms
2014-03-13 18:09:53.761 Memories of the Future[44746:80b] [CDVTimer][TotalPluginStartup] 52.635014ms
2014-03-13 18:09:54.069 Memories of the Future[44746:80b] Resetting plugins due to page load.
2014-03-13 18:09:54.244 Memories of the Future[44746:80b] Finished load of: file:///Users/aponpalanuwech/Library/Application%20Support/iPhone%20Simulator/7.0.3/Applications/5E04651B-87D0-43DB-9EBD-47CC2013AA4B/Memories%20of%20the%20Future.app/www/index.html
objc[46049]: Class AXEmojiUtilities is implemented in both /Applications/Xcode.app/Contents/Developer/Platforms/iPhoneSimulator.platform/Developer/SDKs/iPhoneSimulator7.0.sdk/System/Library/PrivateFrameworks/AccessibilityUtilities.framework/AccessibilityUtilities and /Applications/Xcode.app/Contents/Developer/Platforms/iPhoneSimulator.platform/Developer/SDKs/iPhoneSimulator7.0.sdk/usr/lib/libAXSpeechManager.dylib. One of the two will be used. Which one is undefined.
2014-03-13 18:13:42.251 Memories of the Future[46049:80b] Cannot find executable for CFBundle 0xa5572f0 </Applications/Xcode.app/Contents/Developer/Platforms/iPhoneSimulator.platform/Developer/SDKs/iPhoneSimulator7.0.sdk/System/Library/AccessibilityBundles/GeoServices.axbundle> (not loaded)
2014-03-13 18:13:42.278 Memories of the Future[46049:80b] Cannot find executable for CFBundle 0xa66fc30 </Applications/Xcode.app/Contents/Developer/Platforms/iPhoneSimulator.platform/Developer/SDKs/iPhoneSimulator7.0.sdk/System/Library/AccessibilityBundles/CertUIFramework.axbundle> (not loaded)
2014-03-13 18:13:42.380 Memories of the Future[46049:80b] Multi-tasking -> Device: YES, App: YES
2014-03-13 18:13:42.390 Memories of the Future[46049:80b] Unlimited access to network resources
2014-03-13 18:13:42.431 Memories of the Future[46049:80b] [CDVTimer][statusbar] 9.892046ms
2014-03-13 18:13:42.432 Memories of the Future[46049:80b] [CDVTimer][geolocation] 0.764012ms
2014-03-13 18:13:42.436 Memories of the Future[46049:80b] [CDVTimer][TotalPluginStartup] 14.841020ms
2014-03-13 18:13:42.675 Memories of the Future[46049:80b] Resetting plugins due to page load.
2014-03-13 18:13:42.861 Memories of the Future[46049:80b] Finished load of: file:///Users/aponpalanuwech/Library/Application%20Support/iPhone%20Simulator/7.0.3/Applications/5E04651B-87D0-43DB-9EBD-47CC2013AA4B/Memories%20of%20the%20Future.app/www/index.html
Terminating in response to SpringBoard's termination.
objc[47360]: Class AXEmojiUtilities is implemented in both /Applications/Xcode.app/Contents/Developer/Platforms/iPhoneSimulator.platform/Developer/SDKs/iPhoneSimulator7.0.sdk/System/Library/PrivateFrameworks/AccessibilityUtilities.framework/AccessibilityUtilities and /Applications/Xcode.app/Contents/Developer/Platforms/iPhoneSimulator.platform/Developer/SDKs/iPhoneSimulator7.0.sdk/usr/lib/libAXSpeechManager.dylib. One of the two will be used. Which one is undefined.
2014-03-13 18:17:06.258 Memories of the Future[47360:80b] Cannot find executable for CFBundle 0xa441990 </Applications/Xcode.app/Contents/Developer/Platforms/iPhoneSimulator.platform/Developer/SDKs/iPhoneSimulator7.0.sdk/System/Library/AccessibilityBundles/GeoServices.axbundle> (not loaded)
2014-03-13 18:17:06.292 Memories of the Future[47360:80b] Cannot find executable for CFBundle 0xa57e540 </Applications/Xcode.app/Contents/Developer/Platforms/iPhoneSimulator.platform/Developer/SDKs/iPhoneSimulator7.0.sdk/System/Library/AccessibilityBundles/CertUIFramework.axbundle> (not loaded)
2014-03-13 18:17:06.391 Memories of the Future[47360:80b] Multi-tasking -> Device: YES, App: YES
2014-03-13 18:17:06.399 Memories of the Future[47360:80b] Unlimited access to network resources
2014-03-13 18:17:06.433 Memories of the Future[47360:80b] [CDVTimer][statusbar] 9.278953ms
2014-03-13 18:17:06.434 Memories of the Future[47360:80b] [CDVTimer][geolocation] 0.645041ms
2014-03-13 18:17:06.437 Memories of the Future[47360:80b] [CDVTimer][TotalPluginStartup] 13.644993ms
2014-03-13 18:17:06.635 Memories of the Future[47360:80b] Resetting plugins due to page load.
2014-03-13 18:17:06.837 Memories of the Future[47360:80b] Finished load of: file:///Users/aponpalanuwech/Library/Application%20Support/iPhone%20Simulator/7.0.3/Applications/5E04651B-87D0-43DB-9EBD-47CC2013AA4B/Memories%20of%20the%20Future.app/www/index.html
Terminating in response to SpringBoard's termination.
objc[48624]: Class AXEmojiUtilities is implemented in both /Applications/Xcode.app/Contents/Developer/Platforms/iPhoneSimulator.platform/Developer/SDKs/iPhoneSimulator7.0.sdk/System/Library/PrivateFrameworks/AccessibilityUtilities.framework/AccessibilityUtilities and /Applications/Xcode.app/Contents/Developer/Platforms/iPhoneSimulator.platform/Developer/SDKs/iPhoneSimulator7.0.sdk/usr/lib/libAXSpeechManager.dylib. One of the two will be used. Which one is undefined.
2014-03-13 18:18:39.724 Memories of the Future[48624:80b] Cannot find executable for CFBundle 0xa63a480 </Applications/Xcode.app/Contents/Developer/Platforms/iPhoneSimulator.platform/Developer/SDKs/iPhoneSimulator7.0.sdk/System/Library/AccessibilityBundles/GeoServices.axbundle> (not loaded)
2014-03-13 18:18:39.781 Memories of the Future[48624:80b] Cannot find executable for CFBundle 0xa653b10 </Applications/Xcode.app/Contents/Developer/Platforms/iPhoneSimulator.platform/Developer/SDKs/iPhoneSimulator7.0.sdk/System/Library/AccessibilityBundles/CertUIFramework.axbundle> (not loaded)
2014-03-13 18:18:40.032 Memories of the Future[48624:80b] Multi-tasking -> Device: YES, App: YES
2014-03-13 18:18:40.051 Memories of the Future[48624:80b] Unlimited access to network resources
2014-03-13 18:18:40.189 Memories of the Future[48624:80b] [CDVTimer][statusbar] 53.433001ms
2014-03-13 18:18:40.218 Memories of the Future[48624:80b] [CDVTimer][geolocation] 0.804961ms
2014-03-13 18:18:40.247 Memories of the Future[48624:80b] [CDVTimer][TotalPluginStartup] 111.947954ms
2014-03-13 18:18:40.559 Memories of the Future[48624:80b] Resetting plugins due to page load.
2014-03-13 18:18:40.702 Memories of the Future[48624:80b] Finished load of: file:///Users/aponpalanuwech/Library/Application%20Support/iPhone%20Simulator/7.0.3/Applications/5E04651B-87D0-43DB-9EBD-47CC2013AA4B/Memories%20of%20the%20Future.app/www/index.html
Terminating in response to SpringBoard's termination.
objc[55264]: Class AXEmojiUtilities is implemented in both /Applications/Xcode.app/Contents/Developer/Platforms/iPhoneSimulator.platform/Developer/SDKs/iPhoneSimulator7.0.sdk/System/Library/PrivateFrameworks/AccessibilityUtilities.framework/AccessibilityUtilities and /Applications/Xcode.app/Contents/Developer/Platforms/iPhoneSimulator.platform/Developer/SDKs/iPhoneSimulator7.0.sdk/usr/lib/libAXSpeechManager.dylib. One of the two will be used. Which one is undefined.
2014-03-14 09:48:22.049 Memories of the Future[55264:80b] Cannot find executable for CFBundle 0xa49b510 </Applications/Xcode.app/Contents/Developer/Platforms/iPhoneSimulator.platform/Developer/SDKs/iPhoneSimulator7.0.sdk/System/Library/AccessibilityBundles/CertUIFramework.axbundle> (not loaded)
2014-03-14 09:48:22.097 Memories of the Future[55264:80b] Cannot find executable for CFBundle 0xa7b9f00 </Applications/Xcode.app/Contents/Developer/Platforms/iPhoneSimulator.platform/Developer/SDKs/iPhoneSimulator7.0.sdk/System/Library/AccessibilityBundles/GeoServices.axbundle> (not loaded)
2014-03-14 09:48:22.182 Memories of the Future[55264:80b] Multi-tasking -> Device: YES, App: YES
2014-03-14 09:48:22.209 Memories of the Future[55264:80b] Unlimited access to network resources
2014-03-14 09:48:22.254 Memories of the Future[55264:80b] [CDVTimer][statusbar] 12.432992ms
2014-03-14 09:48:22.256 Memories of the Future[55264:80b] [CDVTimer][geolocation] 0.995040ms
2014-03-14 09:48:22.260 Memories of the Future[55264:80b] [CDVTimer][TotalPluginStartup] 18.758953ms
2014-03-14 09:48:22.512 Memories of the Future[55264:80b] Resetting plugins due to page load.
2014-03-14 09:48:22.716 Memories of the Future[55264:80b] Finished load of: file:///Users/aponpalanuwech/Library/Application%20Support/iPhone%20Simulator/7.0.3/Applications/5E04651B-87D0-43DB-9EBD-47CC2013AA4B/Memories%20of%20the%20Future.app/www/index.html
